\BOOKMARK [0][-]{chapter*.4}{\376\377\004\037\004\065\004\100\004\065\004\073\004\126\004\072\000\040\004\103\004\074\004\076\004\062\004\075\004\070\004\105\000\040\004\077\004\076\004\067\004\075\004\060\004\107\004\065\004\075\004\114\000,\000\040\004\101\004\072\004\076\004\100\004\076\004\107\004\065\004\075\004\114\000\040\004\126\000\040\004\102\004\065\004\100\004\074\004\126\004\075\004\126\004\062}{}% 1
\BOOKMARK [0][-]{chapter*.5}{\376\377\004\022\004\101\004\102\004\103\004\077}{}% 2
\BOOKMARK [0][-]{chapter.1}{\376\377\004\037\004\076\004\101\004\102\004\060\004\075\004\076\004\062\004\072\004\060\000\040\004\067\004\060\004\064\004\060\004\107\004\126\000\040\004\064\004\076\004\101\004\073\004\126\004\064\004\066\004\065\004\075\004\075\004\117\000\040\004\102\004\060\000\040\004\076\004\063\004\073\004\117\004\064\000\040\004\126\004\101\004\075\004\103\004\116\004\107\004\070\004\105\000\040\004\074\004\065\004\102\004\076\004\064\004\126\004\062\000\040\004\127\004\127\000\040\004\100\004\076\004\067\004\062\000'\004\117\004\067\004\060\004\075\004\075\004\117}{}% 3
\BOOKMARK [1][-]{section.1.1}{\376\377\004\034\004\065\004\102\004\076\004\064\000\040\000M\000a\000r\000k\000e\000d\000\040\000P\000o\000i\000n\000t\000\040\000P\000r\000o\000c\000e\000s\000s\000e\000s}{chapter.1}% 4
\BOOKMARK [1][-]{section.1.2}{\376\377\004\037\004\126\004\064\004\105\004\126\004\064\000\040\004\067\000\040\004\062\004\070\004\072\004\076\004\100\004\070\004\101\004\102\004\060\004\075\004\075\004\117\004\074\000\040\000C\000N\000N}{chapter.1}% 5
\BOOKMARK [1][-]{section.1.3}{\376\377\004\034\004\065\004\102\004\076\004\064\004\070\000,\000\040\004\067\004\060\004\101\004\075\004\076\004\062\004\060\004\075\004\126\000\040\004\075\004\060\000\040\004\101\004\102\004\060\004\102\004\070\004\101\004\102\004\070\004\107\004\075\004\070\004\105\000\040\004\126\004\075\004\064\004\070\004\072\004\060\004\102\004\076\004\100\004\060\004\105}{chapter.1}% 6
\BOOKMARK [1][-]{section.1.4}{\376\377\004\037\004\076\004\101\004\102\004\060\004\075\004\076\004\062\004\072\004\060\000\040\004\067\004\060\004\064\004\060\004\107\004\126}{chapter.1}% 7
\BOOKMARK [0][-]{chapter.2}{\376\377\004\036\004\063\004\073\004\117\004\064\000\040\004\074\004\076\004\064\004\065\004\073\004\065\004\071\000\040\004\074\004\060\004\110\004\070\004\075\004\075\004\076\004\063\004\076\000\040\004\075\004\060\004\062\004\107\004\060\004\075\004\075\004\117\000\040\004\075\004\060\004\062\004\107\004\060\004\075\004\075\004\117\000\040\004\102\004\060\000\040\004\104\004\103\004\075\004\072\004\106\004\126\004\071\000\040\004\062\004\102\004\100\004\060\004\102}{}% 8
\BOOKMARK [1][-]{section.2.1}{\376\377\004\034\004\076\004\064\004\065\004\073\004\114\000\040\000F\000e\000a\000t\000u\000r\000e\000\040\000P\000y\000r\000a\000m\000i\000d\000\040\000N\000e\000t\000w\000o\000r\000k\000s}{chapter.2}% 9
\BOOKMARK [1][-]{section.2.2}{\376\377\004\034\004\076\004\064\004\065\004\073\004\114\000\040\000U\000-\000N\000e\000t}{chapter.2}% 10
\BOOKMARK [1][-]{section.2.3}{\376\377\004\034\004\076\004\064\004\065\004\073\004\114\000\040\000D\000e\000e\000p\000L\000a\000b\000v\0003}{chapter.2}% 11
\BOOKMARK [1][-]{section.2.4}{\376\377\004\044\004\103\004\075\004\072\004\106\004\126\004\117\000\040\004\062\004\102\004\100\004\060\004\102\000\040\000D\000i\000c\000e\000\040\000L\000o\000s\000s}{chapter.2}% 12
\BOOKMARK [1][-]{section.2.5}{\376\377\004\044\004\103\004\075\004\072\004\106\004\126\004\117\000\040\004\062\004\102\004\100\004\060\004\102\000\040\000F\000o\000c\000a\000l\000\040\000L\000o\000s\000s}{chapter.2}% 13
\BOOKMARK [0][-]{chapter.3}{\376\377\004\040\004\076\004\067\004\100\004\076\004\061\004\072\004\060\000\040\004\102\004\060\000\040\004\077\004\076\004\100\004\126\004\062\004\075\004\117\004\073\004\114\004\075\004\070\004\071\000\040\004\060\004\075\004\060\004\073\004\126\004\067\000\040\004\074\004\076\004\064\004\065\004\073\004\065\004\071\000\040\004\074\004\060\004\110\004\070\004\075\004\075\004\076\004\063\004\076\000\040\004\075\004\060\004\062\004\107\004\060\004\075\004\075\004\117\000\040\004\075\004\060\004\062\004\107\004\060\004\075\004\075\004\117}{}% 14
\BOOKMARK [1][-]{section.3.1}{\376\377\004\037\004\126\004\064\004\063\004\076\004\102\004\076\004\062\004\072\004\060\000\040\004\064\004\060\004\102\004\060\004\101\004\065\004\102\004\103}{chapter.3}% 15
\BOOKMARK [1][-]{section.3.2}{\376\377\004\040\004\065\004\060\004\073\004\126\004\067\004\060\004\106\004\126\004\117\000\040\004\074\004\076\004\064\004\065\004\073\004\065\004\071}{chapter.3}% 16
\BOOKMARK [1][-]{section.3.3}{\376\377\004\037\004\076\004\100\004\126\004\062\004\075\004\117\004\073\004\114\004\075\004\070\004\071\000\040\004\060\004\075\004\060\004\073\004\126\004\067\000\040\004\074\004\076\004\064\004\065\004\073\004\065\004\071\000\040\004\074\004\060\004\110\004\070\004\075\004\075\004\076\004\063\004\076\000\040\004\075\004\060\004\062\004\107\004\060\004\075\004\075\004\117}{chapter.3}% 17
\BOOKMARK [0][-]{chapter*.14}{\376\377\004\022\004\070\004\101\004\075\004\076\004\062\004\072\004\070}{}% 18
\BOOKMARK [0][-]{chapter*.15}{\376\377\004\041\004\077\004\070\004\101\004\076\004\072\000\040\004\062\004\070\004\072\004\076\004\100\004\070\004\101\004\102\004\060\004\075\004\070\004\105\000\040\004\064\004\066\004\065\004\100\004\065\004\073}{}% 19
\BOOKMARK [0][-]{chapter*.16}{\376\377\004\024\004\076\004\064\004\060\004\102\004\076\004\072\000\040\004\020\000\040\004\033\004\126\004\101\004\102\004\070\004\075\004\063\004\070\000\040\004\077\004\100\004\076\004\063\004\100\004\060\004\074}{}% 20
\BOOKMARK [1][-]{section.0.1}{\376\377\004\037\004\100\004\076\004\063\004\100\004\060\004\074\004\060\000\040\004\064\004\073\004\117\000\040\004\104\004\100\004\060\004\063\004\074\004\065\004\075\004\102\004\060\004\106\004\126\004\127\000\040\004\067\004\075\004\126\004\074\004\072\004\103\000\040\004\126\000\040\004\074\004\060\004\101\004\072\004\070}{chapter*.16}% 21
\BOOKMARK [1][-]{section.0.2}{\376\377\004\036\004\101\004\075\004\076\004\062\004\075\004\060\000\040\004\077\004\100\004\076\004\063\004\100\004\060\004\074\004\060}{chapter*.16}% 22
